files/manifest-merger-release-report.txt
-- Merging decision tree log ---
manifest
ADDED from AndroidManifest.xml:2:1
	package
		ADDED from AndroidManifest.xml:2:98
		INJECTED from AndroidManifest.xml:0:0
		INJECTED from AndroidManifest.xml:0:0
	android:versionName
		ADDED from AndroidManifest.xml:2:70
	android:hardwareAccelerated
		ADDED from AndroidManifest.xml:2:11
	android:versionCode
		ADDED from AndroidManifest.xml:2:46
		INJECTED from AndroidManifest.xml:0:0
		INJECTED from AndroidManifest.xml:0:0
	xmlns:android
		ADDED from AndroidManifest.xml:2:125
supports-screens
ADDED from AndroidManifest.xml:3:5
	android:largeScreens
		ADDED from AndroidManifest.xml:3:49
	android:smallScreens
		ADDED from AndroidManifest.xml:3:132
	android:normalScreens
		ADDED from AndroidManifest.xml:3:77
	android:xlargeScreens
		ADDED from AndroidManifest.xml:3:160
	android:resizeable
		ADDED from AndroidManifest.xml:3:106
	android:anyDensity
		ADDED from AndroidManifest.xml:3:23
uses-permission#android.permission.ACCESS_NETWORK_STATE
ADDED from AndroidManifest.xml:4:5
MERGED from com.google.android.gms:play-services-measurement:8.4.0:22:5
MERGED from com.google.android.gms:play-services-maps:8.4.0:20:5
MERGED from com.pushwoosh:pushwoosh:4.6.3:8:5
	android:name
		ADDED from AndroidManifest.xml:4:22
application
ADDED from AndroidManifest.xml:5:5
MERGED from com.google.android.gms:play-services-gcm:8.4.0:24:5
MERGED from com.google.android.gms:play-services-basement:8.4.0:20:5
MERGED from com.android.support:support-v4:24.0.0-alpha2:22:5
MERGED from com.google.android.gms:play-services-measurement:8.4.0:26:5
MERGED from com.google.android.gms:play-services-basement:8.4.0:20:5
MERGED from com.android.support:support-v4:24.0.0-alpha2:22:5
MERGED from com.google.android.gms:play-services-location:8.4.0:19:5
MERGED from com.google.android.gms:play-services-basement:8.4.0:20:5
MERGED from com.android.support:support-v4:24.0.0-alpha2:22:5
MERGED from com.google.android.gms:play-services-maps:8.4.0:27:5
MERGED from com.google.android.gms:play-services-basement:8.4.0:20:5
MERGED from com.android.support:support-v4:24.0.0-alpha2:22:5
MERGED from com.android.support:support-v4:24.0.0-alpha2:22:5
MERGED from com.pushwoosh:pushwoosh:4.6.3:38:5
	android:label
		ADDED from AndroidManifest.xml:5:83
	android:supportsRtl
		ADDED from AndroidManifest.xml:5:116
	android:hardwareAccelerated
		ADDED from AndroidManifest.xml:5:18
	android:icon
		ADDED from AndroidManifest.xml:5:53
activity#com.nauha.lyrics.MainActivity
ADDED from AndroidManifest.xml:6:9
	android:screenOrientation
		ADDED from AndroidManifest.xml:6:194
	android:label
		ADDED from AndroidManifest.xml:6:97
	android:launchMode
		ADDED from AndroidManifest.xml:6:135
	android:windowSoftInputMode
		ADDED from AndroidManifest.xml:6:285
	android:configChanges
		ADDED from AndroidManifest.xml:6:19
	android:theme
		ADDED from AndroidManifest.xml:6:231
	android:name
		ADDED from AndroidManifest.xml:6:166
intent-filter#android.intent.action.MAIN+android.intent.category.LAUNCHER
ADDED from AndroidManifest.xml:7:13
	android:label
		ADDED from AndroidManifest.xml:7:28
action#android.intent.action.MAIN
ADDED from AndroidManifest.xml:8:17
	android:name
		ADDED from AndroidManifest.xml:8:25
category#android.intent.category.LAUNCHER
ADDED from AndroidManifest.xml:9:17
	android:name
		ADDED from AndroidManifest.xml:9:27
meta-data#com.google.android.gms.version
ADDED from AndroidManifest.xml:12:9
MERGED from com.google.android.gms:play-services-basement:8.4.0:21:9
MERGED from com.google.android.gms:play-services-basement:8.4.0:21:9
MERGED from com.google.android.gms:play-services-basement:8.4.0:21:9
MERGED from com.google.android.gms:play-services-basement:8.4.0:21:9
	android:value
		ADDED from AndroidManifest.xml:12:66
	android:name
		ADDED from AndroidManifest.xml:12:20
meta-data#PW_LOG_LEVEL
ADDED from AndroidManifest.xml:13:9
	android:value
		ADDED from AndroidManifest.xml:13:48
	android:name
		ADDED from AndroidManifest.xml:13:20
meta-data#PW_NO_BROADCAST_PUSH
ADDED from AndroidManifest.xml:14:9
	android:value
		ADDED from AndroidManifest.xml:14:56
	android:name
		ADDED from AndroidManifest.xml:14:20
receiver#com.google.android.gms.gcm.GcmReceiver
ADDED from AndroidManifest.xml:15:9
MERGED from com.pushwoosh:pushwoosh:4.6.3:41:9
	android:exported
		ADDED from AndroidManifest.xml:15:19
	android:permission
		ADDED from AndroidManifest.xml:15:97
	android:name
		ADDED from AndroidManifest.xml:15:43
intent-filter#com.google.android.c2dm.intent.RECEIVE+com.nauha.lyrics
ADDED from AndroidManifest.xml:16:13
action#com.google.android.c2dm.intent.RECEIVE
ADDED from AndroidManifest.xml:17:17
	android:name
		ADDED from AndroidManifest.xml:17:25
category#com.nauha.lyrics
ADDED from AndroidManifest.xml:18:17
	android:name
		ADDED from AndroidManifest.xml:18:27
uses-sdk
ADDED from AndroidManifest.xml:22:5
MERGED from com.google.android.gms:play-services-gcm:8.4.0:18:5
MERGED from com.google.android.gms:play-services-base:8.4.0:18:5
MERGED from com.google.android.gms:play-services-basement:8.4.0:18:5
MERGED from com.android.support:support-v4:24.0.0-alpha2:20:5
MERGED from com.google.android.gms:play-services-measurement:8.4.0:18:5
MERGED from com.google.android.gms:play-services-basement:8.4.0:18:5
MERGED from com.android.support:support-v4:24.0.0-alpha2:20:5
MERGED from com.google.android.gms:play-services-location:8.4.0:18:5
MERGED from com.google.android.gms:play-services-base:8.4.0:18:5
MERGED from com.google.android.gms:play-services-basement:8.4.0:18:5
MERGED from com.android.support:support-v4:24.0.0-alpha2:20:5
MERGED from com.google.android.gms:play-services-maps:8.4.0:26:5
MERGED from com.google.android.gms:play-services-base:8.4.0:18:5
MERGED from com.google.android.gms:play-services-basement:8.4.0:18:5
MERGED from com.android.support:support-v4:24.0.0-alpha2:20:5
MERGED from com.android.support:support-v4:24.0.0-alpha2:20:5
MERGED from com.pushwoosh:pushwoosh:4.6.3:6:5
MERGED from android:CordovaLib:unspecified:release:25:5
	android:targetSdkVersion
		ADDED from AndroidManifest.xml:22:42
	android:minSdkVersion
		ADDED from AndroidManifest.xml:22:15
uses-permission#android.permission.WRITE_EXTERNAL_STORAGE
ADDED from AndroidManifest.xml:23:5
	android:name
		ADDED from AndroidManifest.xml:23:22
uses-permission#android.permission.VIBRATE
ADDED from AndroidManifest.xml:24:5
MERGED from com.pushwoosh:pushwoosh:4.6.3:17:5
	android:name
		ADDED from AndroidManifest.xml:24:22
uses-permission#android.permission.WAKE_LOCK
ADDED from AndroidManifest.xml:25:5
MERGED from com.google.android.gms:play-services-measurement:8.4.0:24:5
MERGED from com.pushwoosh:pushwoosh:4.6.3:14:5
	android:name
		ADDED from AndroidManifest.xml:25:22
uses-permission#android.permission.RECEIVE_BOOT_COMPLETED
ADDED from AndroidManifest.xml:26:5
	android:name
		ADDED from AndroidManifest.xml:26:22
permission#com.nauha.lyrics.permission.C2D_MESSAGE
ADDED from AndroidManifest.xml:27:5
MERGED from com.pushwoosh:pushwoosh:4.6.3:20:5
	android:protectionLevel
		ADDED from AndroidManifest.xml:27:72
	android:name
		ADDED from AndroidManifest.xml:27:17
uses-permission#com.nauha.lyrics.permission.C2D_MESSAGE
ADDED from AndroidManifest.xml:28:5
MERGED from com.pushwoosh:pushwoosh:4.6.3:24:5
	android:name
		ADDED from AndroidManifest.xml:28:22
uses-permission#com.google.android.c2dm.permission.RECEIVE
ADDED from AndroidManifest.xml:29:5
MERGED from com.google.android.gms:play-services-gcm:8.4.0:21:5
MERGED from com.pushwoosh:pushwoosh:4.6.3:35:5
	android:name
		ADDED from AndroidManifest.xml:29:22
uses-permission#com.sec.android.provider.badge.permission.READ
ADDED from AndroidManifest.xml:30:5
	android:name
		ADDED from AndroidManifest.xml:30:22
uses-permission#com.sec.android.provider.badge.permission.WRITE
ADDED from AndroidManifest.xml:31:5
	android:name
		ADDED from AndroidManifest.xml:31:22
uses-permission#com.htc.launcher.permission.READ_SETTINGS
ADDED from AndroidManifest.xml:32:5
	android:name
		ADDED from AndroidManifest.xml:32:22
uses-permission#com.htc.launcher.permission.UPDATE_SHORTCUT
ADDED from AndroidManifest.xml:33:5
	android:name
		ADDED from AndroidManifest.xml:33:22
uses-permission#com.sonyericsson.home.permission.BROADCAST_BADGE
ADDED from AndroidManifest.xml:34:5
	android:name
		ADDED from AndroidManifest.xml:34:22
uses-permission#com.anddoes.launcher.permission.UPDATE_COUNT
ADDED from AndroidManifest.xml:35:5
	android:name
		ADDED from AndroidManifest.xml:35:22
uses-permission#com.majeur.launcher.permission.UPDATE_BADGE
ADDED from AndroidManifest.xml:36:5
	android:name
		ADDED from AndroidManifest.xml:36:22
uses-permission#android.permission.INTERNET
ADDED from AndroidManifest.xml:37:5
MERGED from com.google.android.gms:play-services-gcm:8.4.0:22:5
MERGED from com.google.android.gms:play-services-measurement:8.4.0:21:5
MERGED from com.google.android.gms:play-services-maps:8.4.0:21:5
MERGED from com.pushwoosh:pushwoosh:4.6.3:11:5
	android:name
		ADDED from AndroidManifest.xml:37:22
provider#com.google.android.gms.measurement.AppMeasurementContentProvider
ADDED from com.google.android.gms:play-services-measurement:8.4.0:28:7
	android:authorities
		ADDED from com.google.android.gms:play-services-measurement:8.4.0:29:11
	android:exported
		ADDED from com.google.android.gms:play-services-measurement:8.4.0:31:11
	android:name
		ADDED from com.google.android.gms:play-services-measurement:8.4.0:30:11
receiver#com.google.android.gms.measurement.AppMeasurementReceiver
ADDED from com.google.android.gms:play-services-measurement:8.4.0:33:7
	android:enabled
		ADDED from com.google.android.gms:play-services-measurement:8.4.0:35:11
	android:name
		ADDED from com.google.android.gms:play-services-measurement:8.4.0:34:11
intent-filter#com.google.android.gms.measurement.UPLOAD
ADDED from com.google.android.gms:play-services-measurement:8.4.0:36:9
action#com.google.android.gms.measurement.UPLOAD
ADDED from com.google.android.gms:play-services-measurement:8.4.0:37:11
	android:name
		ADDED from com.google.android.gms:play-services-measurement:8.4.0:37:19
service#com.google.android.gms.measurement.AppMeasurementService
ADDED from com.google.android.gms:play-services-measurement:8.4.0:41:7
	android:enabled
		ADDED from com.google.android.gms:play-services-measurement:8.4.0:43:11
	android:exported
		ADDED from com.google.android.gms:play-services-measurement:8.4.0:44:11
	android:name
		ADDED from com.google.android.gms:play-services-measurement:8.4.0:42:11
uses-feature#0x00020000
ADDED from com.google.android.gms:play-services-maps:8.4.0:22:5
	android:glEsVersion
		ADDED from com.google.android.gms:play-services-maps:8.4.0:23:8
	android:required
		ADDED from com.google.android.gms:play-services-maps:8.4.0:24:8
permission#com.nauha.lyrics.permission.RECEIVE_ADM_MESSAGE
ADDED from com.pushwoosh:pushwoosh:4.6.3:26:5
	android:protectionLevel
		ADDED from com.pushwoosh:pushwoosh:4.6.3:28:9
	android:name
		ADDED from com.pushwoosh:pushwoosh:4.6.3:27:9
uses-permission#com.nauha.lyrics.permission.RECEIVE_ADM_MESSAGE
ADDED from com.pushwoosh:pushwoosh:4.6.3:30:5
	android:name
		ADDED from com.pushwoosh:pushwoosh:4.6.3:30:22
uses-permission#com.amazon.device.messaging.permission.RECEIVE
ADDED from com.pushwoosh:pushwoosh:4.6.3:36:5
	android:name
		ADDED from com.pushwoosh:pushwoosh:4.6.3:36:22
receiver#com.pushwoosh.MessageAlertReceiver
ADDED from com.pushwoosh:pushwoosh:4.6.3:51:9
	android:permission
		ADDED from com.pushwoosh:pushwoosh:4.6.3:53:13
	android:name
		ADDED from com.pushwoosh:pushwoosh:4.6.3:52:13
intent-filter#com.amazon.device.messaging.intent.RECEIVE+com.amazon.device.messaging.intent.REGISTRATION+com.nauha.lyrics
ADDED from com.pushwoosh:pushwoosh:4.6.3:54:13
action#com.amazon.device.messaging.intent.REGISTRATION
ADDED from com.pushwoosh:pushwoosh:4.6.3:55:17
	android:name
		ADDED from com.pushwoosh:pushwoosh:4.6.3:55:25
action#com.amazon.device.messaging.intent.RECEIVE
ADDED from com.pushwoosh:pushwoosh:4.6.3:56:17
	android:name
		ADDED from com.pushwoosh:pushwoosh:4.6.3:56:25
service#com.pushwoosh.PushAmazonIntentService
ADDED from com.pushwoosh:pushwoosh:4.6.3:63:9
	android:name
		ADDED from com.pushwoosh:pushwoosh:4.6.3:63:18
amazon:enable-feature
ADDED from com.pushwoosh:pushwoosh:4.6.3:69:9
	android:required
		ADDED from com.pushwoosh:pushwoosh:4.6.3:71:13
	android:name
		ADDED from com.pushwoosh:pushwoosh:4.6.3:70:13
activity#com.pushwoosh.richpages.RichPageActivity
ADDED from com.pushwoosh:pushwoosh:4.6.3:73:9
	android:name
		ADDED from com.pushwoosh:pushwoosh:4.6.3:73:19
activity#com.pushwoosh.MessageActivity
ADDED from com.pushwoosh:pushwoosh:4.6.3:74:9
	android:name
		ADDED from com.pushwoosh:pushwoosh:4.6.3:74:19
activity#com.pushwoosh.PushHandlerActivity
ADDED from com.pushwoosh:pushwoosh:4.6.3:75:9
	android:name
		ADDED from com.pushwoosh:pushwoosh:4.6.3:75:19
activity#com.pushwoosh.inapp.WebActivity
ADDED from com.pushwoosh:pushwoosh:4.6.3:76:9
	android:theme
		ADDED from com.pushwoosh:pushwoosh:4.6.3:78:13
	android:name
		ADDED from com.pushwoosh:pushwoosh:4.6.3:77:13
service#com.pushwoosh.inapp.InAppRetrieverService
ADDED from com.pushwoosh:pushwoosh:4.6.3:80:9
	android:name
		ADDED from com.pushwoosh:pushwoosh:4.6.3:80:18
receiver#com.pushwoosh.local.BootReceiver
ADDED from com.pushwoosh:pushwoosh:4.6.3:82:9
	android:enabled
		ADDED from com.pushwoosh:pushwoosh:4.6.3:84:13
	android:permission
		ADDED from com.pushwoosh:pushwoosh:4.6.3:85:13
	android:name
		ADDED from com.pushwoosh:pushwoosh:4.6.3:83:13
intent-filter#android.intent.action.BOOT_COMPLETED+android.intent.category.DEFAULT
ADDED from com.pushwoosh:pushwoosh:4.6.3:86:13
action#android.intent.action.BOOT_COMPLETED
ADDED from com.pushwoosh:pushwoosh:4.6.3:87:17
	android:name
		ADDED from com.pushwoosh:pushwoosh:4.6.3:87:25
category#android.intent.category.DEFAULT
ADDED from com.pushwoosh:pushwoosh:4.6.3:89:17
	android:name
		ADDED from com.pushwoosh:pushwoosh:4.6.3:89:27
service#com.pushwoosh.GCMListenerService
ADDED from com.pushwoosh:pushwoosh:4.6.3:93:9
	android:exported
		ADDED from com.pushwoosh:pushwoosh:4.6.3:95:13
	android:name
		ADDED from com.pushwoosh:pushwoosh:4.6.3:94:13
intent-filter#com.google.android.c2dm.intent.RECEIVE
ADDED from com.pushwoosh:pushwoosh:4.6.3:96:13
	android:priority
		ADDED from com.pushwoosh:pushwoosh:4.6.3:96:28
service#com.pushwoosh.GCMInstanceIDListenerService
ADDED from com.pushwoosh:pushwoosh:4.6.3:100:9
	android:exported
		ADDED from com.pushwoosh:pushwoosh:4.6.3:102:13
	android:name
		ADDED from com.pushwoosh:pushwoosh:4.6.3:101:13
intent-filter#com.google.android.gms.iid.InstanceID
ADDED from com.pushwoosh:pushwoosh:4.6.3:103:13
	android:priority
		ADDED from com.pushwoosh:pushwoosh:4.6.3:103:28
action#com.google.android.gms.iid.InstanceID
ADDED from com.pushwoosh:pushwoosh:4.6.3:104:17
	android:name
		ADDED from com.pushwoosh:pushwoosh:4.6.3:104:25
service#com.pushwoosh.GCMRegistrationService
ADDED from com.pushwoosh:pushwoosh:4.6.3:107:9
	android:exported
		ADDED from com.pushwoosh:pushwoosh:4.6.3:109:13
	android:name
		ADDED from com.pushwoosh:pushwoosh:4.6.3:108:13
service#com.pushwoosh.location.GeoLocationService
ADDED from com.pushwoosh:pushwoosh:4.6.3:111:9
	android:name
		ADDED from com.pushwoosh:pushwoosh:4.6.3:111:18
activity#com.pushwoosh.internal.utils.PermissionActivity
ADDED from com.pushwoosh:pushwoosh:4.6.3:113:9
	android:theme
		ADDED from com.pushwoosh:pushwoosh:4.6.3:115:13
	android:name
		ADDED from com.pushwoosh:pushwoosh:4.6.3:114:13
receiver#com.pushwoosh.local.AlarmReceiver
ADDED from com.pushwoosh:pushwoosh:4.6.3:117:9
	android:name
		ADDED from com.pushwoosh:pushwoosh:4.6.3:117:19
service#com.pushwoosh.thirdparty.radiusnetworks.ibeacon.service.IBeaconService
ADDED from com.pushwoosh:pushwoosh:4.6.3:119:9
	android:enabled
		ADDED from com.pushwoosh:pushwoosh:4.6.3:121:13
	android:label
		ADDED from com.pushwoosh:pushwoosh:4.6.3:124:13
	android:exported
		ADDED from com.pushwoosh:pushwoosh:4.6.3:122:13
	android:isolatedProcess
		ADDED from com.pushwoosh:pushwoosh:4.6.3:123:13
	android:name
		ADDED from com.pushwoosh:pushwoosh:4.6.3:120:13
service#com.pushwoosh.thirdparty.radiusnetworks.ibeacon.IBeaconIntentProcessor
ADDED from com.pushwoosh:pushwoosh:4.6.3:125:9
	android:enabled
		ADDED from com.pushwoosh:pushwoosh:4.6.3:127:13
	android:name
		ADDED from com.pushwoosh:pushwoosh:4.6.3:126:13
service#com.pushwoosh.beacon.PushBeaconService
ADDED from com.pushwoosh:pushwoosh:4.6.3:128:9
	android:name
		ADDED from com.pushwoosh:pushwoosh:4.6.3:128:18